
==============
20240104155630
==============
untracked file, adding: .zettel-notes/patches/57/3e2b0b7c-e032-42bc-8f25-85a54134c533.diff


==============
20240104190657
==============
untracked file, adding: .zettel-notes/patches/57/2b9b8f54-e215-475d-a8f1-d8359838aa20.diff
untracked file, adding: .zettel-notes/patches/57/b283b528-e64c-44c5-8d7e-7d958713e53d.diff
untracked file, adding: .zettel-notes/patches/57/5cb3f580-d06f-4c4a-a0aa-2e453201d7d5.diff
untracked file, adding: .zettel-notes/patches/57/ce955b33-7af1-4d48-9b90-f946a879c75b.diff
untracked file, adding: .zettel-notes/patches/57/9486792d-e0f1-484c-9fb7-96e65484bddc.diff
untracked file, adding: .zettel-notes/patches/57/fd414388-a2d0-44a5-b195-299bd38d081e.diff
untracked file, adding: .zettel-notes/patches/57/17032598-7b0d-4e73-ac2f-429b05d33af2.diff
untracked file, adding: .zettel-notes/patches/57/c478c3cb-b225-4570-820e-ddb9d3be2f27.diff
untracked file, adding: .zettel-notes/patches/57/a44bc9d2-92f3-4cd4-930d-f9f5c4a5cb5f.diff
untracked file, adding: .zettel-notes/patches/57/9999b27e-bb00-46ad-96f2-11d515797b55.diff
untracked file, adding: .zettel-notes/patches/57/9dce0e6e-7213-4ce2-9d46-09058d956148.diff
untracked file, adding: .zettel-notes/patches/57/0c692a65-bde1-49fc-b9ed-af9b97d8628c.diff
untracked file, adding: .zettel-notes/patches/57/c15ac4d1-8698-4f65-880a-36897f33d984.diff
untracked file, adding: .zettel-notes/patches/57/f91108fa-961b-438c-a2be-f20306e95e6e.diff
untracked file, adding: .zettel-notes/logs/sync/2024-01-04.log
untracked file, adding: .zettel-notes/patches/57/556181ae-4710-4745-8b19-635c851886a9.diff
untracked file, adding: .zettel-notes/patches/57/51129340-2696-428c-b4dd-30fb737883e6.diff
untracked file, adding: .zettel-notes/patches/57/e10cf6aa-345a-4bea-831f-da96383b5f82.diff
untracked file, adding: .zettel-notes/patches/57/cfda1a81-4723-49f0-b51b-6fdaab165ade.diff


==============
20240104193214
==============
untracked file, adding: .zettel-notes/patches/57/58417136-47d2-4ee9-ae4e-ebfe5104ac2e.diff
untracked file, adding: .zettel-notes/patches/57/0e85ab49-64fe-4611-9af6-b73a9e923753.diff
untracked file, adding: .zettel-notes/patches/57/2af6d76f-742e-4129-8c9f-b1fa394153a3.diff
untracked file, adding: .zettel-notes/patches/57/96339066-b5fd-4679-a8d9-14e60743f651.diff
untracked file, adding: .zettel-notes/patches/57/4acd4935-58ce-44fe-ac6a-511ed8642ed7.diff
untracked file, adding: .zettel-notes/patches/57/6bb09d74-1dcd-4667-a8b5-7a7abecef44e.diff
untracked file, adding: .zettel-notes/patches/57/e1b6e40a-1da8-4cf1-8e7f-6407d97b7095.diff
untracked file, adding: .zettel-notes/patches/57/0c6d6025-30e8-4f66-aab5-e0cd4385b896.diff
untracked file, adding: .zettel-notes/patches/57/ee0e11f7-5de2-4e47-9aae-0fc8fdb28e15.diff
untracked file, adding: .zettel-notes/patches/57/8309359d-5e21-4e70-ae65-7dc9e73977bd.diff
untracked file, adding: .zettel-notes/patches/57/b6f334ef-458c-4772-8e13-9b294902a5c8.diff


==============
20240104193659
==============
untracked file, adding: .zettel-notes/patches/57/30ecc42f-9a5a-457a-99cb-156593211dda.diff


==============
20240104194814
==============
untracked file, adding: content/search.md
untracked file, adding: .zettel-notes/patches/36/8f235793-75e4-4408-bcbd-6e630aa14aad.diff


==============
20240104195230
==============
untracked file, adding: .zettel-notes/patches/36/34ca5250-8560-4ff6-8dd0-6929a38e903b.diff


==============
20240104201854
==============
untracked file, adding: .zettel-notes/patches/57/c0e9b5ee-dff6-4f5e-8f6e-39c9bb9cf4d0.diff


==============
20240104203312
==============
untracked file, adding: .zettel-notes/patches/57/f60294f8-fac4-41e1-9168-5c933693b173.diff
untracked file, adding: .zettel-notes/patches/57/7a183660-f4fe-4c0a-b5f7-7cbc261ea226.diff


==============
20240104203759
==============
untracked file, adding: .zettel-notes/patches/53/d9651adb-7698-4848-818c-236a97667bbb.diff
untracked file, adding: .zettel-notes/patches/57/25ef6e5b-fc89-424b-a328-1e4bcdde125e.diff
untracked file, adding: .zettel-notes/patches/57/e7a3655f-2ab7-4c0d-bdf9-05e6b83f1117.diff
untracked file, adding: .zettel-notes/patches/47/4d54ebfd-babd-4836-b54c-3105643e6732.diff
untracked file, adding: .zettel-notes/patches/57/33f46fa7-16a8-44b9-83f9-8278f782f171.diff
untracked file, adding: .zettel-notes/patches/53/0e2cf32c-2a6a-4ed5-919e-559648a0386b.diff


==============
20240104204837
==============
untracked file, adding: .zettel-notes/patches/49/f02b3f53-c7f8-493f-8f0a-fd22e3d1c2c8.diff
untracked file, adding: .zettel-notes/patches/50/17f48a02-1f31-40db-b1f5-3dd0aeb16a32.diff
untracked file, adding: .zettel-notes/patches/51/1f277079-3e90-462b-a4bd-5e31bb14262d.diff
untracked file, adding: .zettel-notes/patches/42/ff798364-6225-4c3f-8881-5d728ea28120.diff
untracked file, adding: .zettel-notes/patches/40/ddf91abd-4a52-49ed-add4-7c29e3fa6270.diff
untracked file, adding: .zettel-notes/patches/43/49afb249-7c82-40e0-9b35-f1e84d3c927e.diff
untracked file, adding: .zettel-notes/patches/47/929ea83b-f551-420b-82f9-7e2ce2cb0052.diff
untracked file, adding: .zettel-notes/patches/42/dae405f6-93b6-42f0-8d94-024e07f40ccd.diff
untracked file, adding: .zettel-notes/patches/49/3e6e95d6-81d5-4c74-88f9-af7b93a05be6.diff


==============
20240104205009
==============
untracked file, adding: .zettel-notes/patches/53/5d6f6647-575a-4739-b44a-f516e92be761.diff


==============
20240104205807
==============
untracked file, adding: .zettel-notes/patches/40/8d3baee6-1db7-4bed-8d67-4ed3f8cb55e1.diff
untracked file, adding: .zettel-notes/patches/40/867d308f-e344-41fe-8238-dc9e3555c9b0.diff
untracked file, adding: .zettel-notes/patches/53/aeb2fa58-94ee-4a07-9e8f-592c9d6dbea7.diff
untracked file, adding: .zettel-notes/patches/40/79c82495-a46f-4d41-b3b4-9a12975e2a77.diff
untracked file, adding: .zettel-notes/patches/40/986aa999-cbd3-4aa9-8d63-743b6767dc98.diff
untracked file, adding: .zettel-notes/patches/40/420b3d1d-f42c-4e19-89d2-3e36c39280b3.diff
untracked file, adding: .zettel-notes/patches/40/aeed73ca-5baf-4a2b-93d0-85aff374c49e.diff
untracked file, adding: .zettel-notes/patches/40/d50b00d2-bbbd-4598-b42f-8106c1e10b71.diff
untracked file, adding: .zettel-notes/patches/53/40f9aedf-ab03-4a91-8f61-6e0bae55f446.diff
untracked file, adding: .zettel-notes/patches/40/ef93b484-bba3-444c-a5d7-20b35ebd76f5.diff


==============
20240104210631
==============
untracked file, adding: .zettel-notes/patches/47/58dfc3ba-bedb-4287-b262-dd0b815d4d7d.diff
untracked file, adding: .zettel-notes/patches/49/c95beb86-2e9d-47c7-bdb0-80e0bcb71719.diff
untracked file, adding: .zettel-notes/patches/42/db2e461f-0b95-4d11-b2ca-266d8700f4ff.diff
untracked file, adding: .zettel-notes/patches/49/32a2367a-16b3-46b2-b0e7-e27335d7c633.diff
untracked file, adding: .zettel-notes/patches/47/07e49748-e1a0-4e71-b704-3e433da5320a.diff
untracked file, adding: .zettel-notes/patches/42/73253ceb-2c19-46e8-b1f8-750ccff2498b.diff

