
==============
20240103195531
==============
untracked file, adding: content/events/202401/1704282283773.jpg
untracked file, adding: .zettel-notes/patches/54/6c5cdc14-588c-4f0d-a490-431e1a346878.diff
untracked file, adding: .zettel-notes/logs/sync/2024-01-01.log
untracked file, adding: .zettel-notes/patches/54/f1dcc6e7-42e5-4c92-9147-d020fc7f840f.diff
untracked file, adding: content/events/202401/1704282283832.jpg
untracked file, adding: .zettel-notes/patches/54/dcdb6932-4a4a-4c0e-ae9d-6100083feeca.diff
untracked file, adding: content/events/202401/1704282283790.jpg
untracked file, adding: .zettel-notes/patches/54/2e56f5d9-5645-4e1d-b732-ac0b543541e7.diff
untracked file, adding: .zettel-notes/patches/54/d9653a83-6ad3-4279-ac9c-f7707cd7fc3f.diff
untracked file, adding: .zettel-notes/patches/54/ba32479d-8c96-4ae7-888e-2ecd77eae35a.diff
untracked file, adding: .zettel-notes/patches/54/c1ce9608-73ff-46df-9bce-a2c98878740c.diff
untracked file, adding: .zettel-notes/patches/54/77d7a05c-3cf0-4fa5-b97a-5c5efb1f7564.diff
untracked file, adding: .zettel-notes/patches/54/d2c61e15-955f-4198-abb9-f0f5ed908e6a.diff
untracked file, adding: .zettel-notes/patches/53/8937aa95-6cef-4438-a2a2-6020b4d32ceb.diff
untracked file, adding: content/events/202401/1704282283799.jpg
untracked file, adding: content/events/202401/1704282283818.jpg
untracked file, adding: content/events/202401/1704282283804.jpg
untracked file, adding: .zettel-notes/patches/54/26c1ae40-fd51-45e8-84ef-396e277582cb.diff
untracked file, adding: content/events/202401/1704282283839.jpg
untracked file, adding: .zettel-notes/patches/54/fc249bee-d65e-44dd-be53-f4dad3a0144f.diff
untracked file, adding: .zettel-notes/patches/54/9815e2ef-3255-48b3-9fc4-4a5129090310.diff
untracked file, adding: .zettel-notes/patches/54/1a7a2b4e-fde0-4d2f-b72f-2f85ef8b0523.diff
untracked file, adding: .zettel-notes/patches/54/d98049e7-e782-4950-aebd-7e4aec87be62.diff
untracked file, adding: content/events/202401/1704282283812.jpg
untracked file, adding: content/events/202401/1704282283784.jpg
untracked file, adding: content/events/202401/1704282283825.jpg
untracked file, adding: .zettel-notes/patches/54/5a943fd4-0faa-483d-aa4c-59eaa4eced0d.diff


==============
20240103200240
==============
untracked file, adding: .zettel-notes/logs/sync/2024-01-03.log
untracked file, adding: .zettel-notes/patches/54/3630d08c-9cb5-427a-971a-c6c860ca0445.diff
untracked file, adding: .zettel-notes/patches/54/fb884152-9f7b-4a65-bfc2-56c40e8c6979.diff


==============
20240103201807
==============
untracked file, adding: content/events/202401/20240102/1704282283812.jpg
untracked file, adding: .zettel-notes/patches/57/5555ce9a-833d-42dd-8546-e6f3d5f8ff32.diff
untracked file, adding: content/events/202401/20240102/1704282283799.jpg
untracked file, adding: content/events/202401/20240102/1704282283825.jpg
untracked file, adding: content/events/202401/20240102/1704282283839.jpg
untracked file, adding: content/events/202401/20240102/1704282283804.jpg
untracked file, adding: content/events/202401/20240102/1704282283832.jpg
untracked file, adding: content/events/202401/20240102/index.md
untracked file, adding: content/events/202401/20240102/1704282283773.jpg
untracked file, adding: content/events/202401/20240102/1704282283784.jpg
untracked file, adding: .zettel-notes/patches/57/b3241494-dd03-451e-8bd3-d2c8c76101c7.diff
untracked file, adding: content/events/202401/20240102/1704282283818.jpg
untracked file, adding: content/events/202401/20240102/1704282283790.jpg


==============
20240103202118
==============
untracked file, adding: .zettel-notes/patches/53/0af0754e-8f57-4079-9af6-7fa9eae296e1.diff

