
==============
20240217144129
==============
untracked file, adding: .zettel-notes/logs/sync/2024-02-15.log
untracked file, adding: .zettel-notes/patches/48/6fa76828-9a03-4473-8735-2d249d3d4f25.diff
untracked file, adding: .zettel-notes/patches/48/4a5d35d4-d064-41b5-8294-41d318166ebd.diff
untracked file, adding: .zettel-notes/patches/48/65331f7d-2a58-4cc2-bd35-f0adb6b82abb.diff
untracked file, adding: content/sites.md


==============
20240217144509
==============
untracked file, adding: .zettel-notes/logs/sync/2024-02-17.log


==============
20240217151834
==============
untracked file, adding: .zettel-notes/patches/29/0e2e91cb-3036-42e8-b28d-c90685791330.diff
untracked file, adding: .zettel-notes/patches/29/67eb622d-3239-4867-a645-b45607f34a20.diff
untracked file, adding: .zettel-notes/patches/29/04911f6d-adff-44b6-a4c9-15537f1d42c3.diff
untracked file, adding: .zettel-notes/patches/29/5d5deb58-c17e-4cd2-86b8-e38df6445193.diff
untracked file, adding: .zettel-notes/patches/29/4a075b41-dd10-4da9-84a1-c91b58002a75.diff
untracked file, adding: .zettel-notes/patches/48/2f1a5bcc-4024-41bf-aaee-3790799cae0b.diff

