
==============
20240113000902
==============
untracked file, adding: .zettel-notes/patches/68/9d59a794-6a5c-495c-bd09-862892bfd75f.diff


==============
20240113001037
==============
untracked file, adding: .zettel-notes/logs/sync/2024-01-13.log


==============
20240113010317
==============
untracked file, adding: .zettel-notes/patches/70/afb17e3f-8c1a-4d7f-ad55-087132f7edc1.diff
untracked file, adding: content/tools/playorna-cf-yxip/Attachment-2024-01-13_2.jpg
untracked file, adding: .zettel-notes/patches/70/1390309a-cd70-4452-8898-357a0663842c.diff
untracked file, adding: content/tools/hosts/china-telecom.txt
untracked file, adding: content/tools/playorna-cf-yxip/Attachment-2024-01-13_1.jpg
untracked file, adding: .zettel-notes/patches/68/378777df-4a6d-40b3-b974-18fc84da74f8.diff
untracked file, adding: .zettel-notes/patches/70/d47fcef9-98f6-41d2-9676-5e704123fc26.diff
untracked file, adding: .zettel-notes/patches/70/3003fef8-78d5-4d3e-9335-c735283e8169.diff
untracked file, adding: .zettel-notes/patches/70/88dbe799-be12-4452-b3a4-f1e1ea46a78b.diff
untracked file, adding: .zettel-notes/patches/73/3d73bab7-2567-4d84-b6bb-01f16a174298.diff
untracked file, adding: content/tools/playorna-cf-yxip/Attachment-2024-01-13.jpg
untracked file, adding: .zettel-notes/patches/70/a7787211-663f-411f-8fe6-3d21c60c0467.diff
untracked file, adding: .zettel-notes/patches/68/041a7588-09ef-492e-be90-69f3ce17f7f7.diff
untracked file, adding: .zettel-notes/patches/70/ede1e988-943d-4d59-90e1-3d879f5ff44c.diff
untracked file, adding: .zettel-notes/patches/70/f02da585-e21d-4029-96e1-72d4da56651e.diff
untracked file, adding: content/tools/hosts/china-mobile.txt
untracked file, adding: content/tools/hosts/china-unicom.txt
untracked file, adding: content/tools/playorna-cf-yxip/index.md
untracked file, adding: .zettel-notes/patches/67/2b1b0d39-f309-4e5e-8614-39e714851944.diff
untracked file, adding: .zettel-notes/patches/70/c7ac620a-daf5-4b60-9993-87878830e4eb.diff


==============
20240113010556
==============
untracked file, adding: .zettel-notes/patches/70/17242cb8-d30b-44d4-91cf-85a5c4c1285b.diff


==============
20240113010922
==============
untracked file, adding: .zettel-notes/patches/70/c9b06185-c87f-4919-aebb-20d644b78410.diff
untracked file, adding: .zettel-notes/patches/70/4eb68af1-477c-4ab3-a190-12e205b3cce7.diff


==============
20240113012901
==============
untracked file, adding: .zettel-notes/patches/70/180df7dd-4ada-4dd2-9fa0-d0d30541ffe3.diff


==============
20240113013145
==============
untracked file, adding: .zettel-notes/patches/70/905751e8-cfae-4545-b424-423bf281d3b1.diff
untracked file, adding: .zettel-notes/patches/70/e13a4e15-77d5-432d-931a-fd46ee016282.diff


==============
20240113013832
==============
untracked file, adding: .zettel-notes/patches/70/c88925fa-6595-4c19-93b5-764336644029.diff


==============
20240113100055
==============
untracked file, adding: .zettel-notes/patches/70/89284eb6-e81a-497c-8013-e078949e1a66.diff
untracked file, adding: .zettel-notes/patches/70/cc58cd69-7ab7-4b88-b4fa-2e9e77d69579.diff
untracked file, adding: .zettel-notes/patches/70/d5b9e954-9182-4884-9a9c-cc172018b817.diff


==============
20240113100139
==============
untracked file, adding: .zettel-notes/patches/70/347cf61b-be2b-45b6-a1b8-0b102b96ed79.diff


==============
20240113110757
==============
untracked file, adding: .zettel-notes/patches/70/2290c3cd-7e16-45f3-a75e-bc048d903cc3.diff


==============
20240113114445
==============
untracked file, adding: .zettel-notes/patches/74/f0ef7922-7bd4-4d5e-94c0-313d4a496da0.diff
untracked file, adding: .zettel-notes/patches/75/242ad61c-18aa-49a3-8001-99f5b91afd5f.diff
untracked file, adding: .zettel-notes/patches/73/f7d4fc86-1eb7-475e-9bbb-e84389f0475c.diff
untracked file, adding: content/tools/hosts/china-telecom-1.txt
untracked file, adding: .zettel-notes/patches/68/a90f6aaa-b5ea-4f5a-9773-7cb2b57b4bfa.diff
untracked file, adding: .zettel-notes/patches/67/02ece740-6b73-471d-9388-fb435dac2f37.diff
untracked file, adding: .zettel-notes/patches/70/e10cb369-5efd-4854-993c-8bca371784f5.diff
untracked file, adding: content/tools/hosts/china-mobile-1.txt
untracked file, adding: .zettel-notes/patches/76/ff7afe71-20df-4e39-b4cf-2638a4e754e7.diff
untracked file, adding: content/tools/hosts/china-unicom-1.txt
untracked file, adding: .zettel-notes/patches/70/9a656009-6913-44c1-9c65-3a934e222a14.diff
untracked file, adding: .zettel-notes/patches/76/8f58522a-e2f3-438a-9246-8e51ef7930c2.diff


==============
20240113114935
==============
untracked file, adding: .zettel-notes/patches/76/7aef5d8d-cfce-4e89-ab9e-e84c17508e31.diff

