
==============
20240229132134
==============
untracked file, adding: .zettel-notes/recycle-bin/.info/Untitled.md.trashinfo
untracked file, adding: .zettel-notes/recycle-bin/Untitled.md
untracked file, adding: .zettel-notes/patches/53/9784c17e-c5d9-40f4-87e5-da7146222813.diff
untracked file, adding: .zettel-notes/patches/53/3b9ceab4-5691-4f68-b187-9132f93158e5.diff
untracked file, adding: content/events/202403/20230302/index.md
untracked file, adding: .zettel-notes/patches/54/2bddba66-2ff8-47fc-a640-603cdd976d74.diff
untracked file, adding: .zettel-notes/patches/54/c9172f8b-3026-4be8-8bbf-0a7b91a3e640.diff
untracked file, adding: content/events/202403/20240301/index.md
untracked file, adding: .zettel-notes/logs/sync/2024-02-22.log
untracked file, adding: .zettel-notes/patches/54/3b77073f-4901-415b-92d0-beb8f7180d9d.diff
untracked file, adding: .zettel-notes/patches/54/42493851-9844-4e33-87de-a9f41a0f770d.diff


==============
20240229133317
==============
untracked file, adding: .zettel-notes/logs/sync/2024-02-29.log
untracked file, adding: .zettel-notes/patches/54/f1205ecd-63a8-4355-b152-a8c6ebedf598.diff


==============
20240229133649
==============
untracked file, adding: .zettel-notes/patches/54/9380d697-da38-46f1-9cab-49e5f0232bb2.diff

